<?xml version="1.0" encoding="UTF-8"?>
<!-- Generated by org.testng.reporters.JUnitReportReporter -->
<testsuite skipped="0" hostname="DESKTOP-VUOFTC8" name="MainTest" tests="3" failures="0" timestamp="2019-10-18T16:52:59 EEST" time="10.899" errors="0">
  <testcase name="mouseOverTest" time="4.485" classname="MainTest"/>
  <testcase name="textTest" time="4.824" classname="MainTest"/>
  <testcase name="newWindowOpenTest" time="1.590" classname="MainTest"/>
</testsuite> <!-- MainTest -->
